<?xml version="1.0" encoding="UTF-8"?>
<!-- Generated by org.testng.reporters.JUnitXMLReporter -->
<testsuite hostname="DESKTOP-3LU49E4" ignored="0" name="Test1" tests="4" failures="0" timestamp="2022-01-20T22:12:39 IST" time="0.082" errors="0">
  <testcase name="createAccount" time="0.006" classname="org.testNG2.AccountManager"/>
  <testcase name="updateAccount" time="0.002" classname="org.testNG2.AccountManager"/>
  <testcase name="createUser" time="0.001" classname="org.testNG2.UserManager"/>
  <testcase name="updateUser" time="0.002" classname="org.testNG2.UserManager"/>
</testsuite> <!-- Test1 -->
